<?xml version="1.0" encoding="UTF-8"?>
<testng-results ignored="0" total="2" passed="2" failed="0" skipped="0">
  <reporter-output>
  </reporter-output>
  <suite started-at="2021-01-18T19:00:51 CET" name="Surefire suite" finished-at="2021-01-18T19:00:58 CET" duration-ms="6301">
    <groups>
    </groups>
    <test started-at="2021-01-18T19:00:51 CET" name="Surefire test" finished-at="2021-01-18T19:00:58 CET" duration-ms="6301">
      <class name="Examples.Chapter2Test">
        <test-method signature="loginTest()[pri:1, instance:Examples.Chapter2Test@5a772895]" started-at="2021-01-18T19:00:52 CET" name="loginTest" finished-at="2021-01-18T19:00:57 CET" duration-ms="5555" status="PASS">
          <reporter-output>
          </reporter-output>
        </test-method> <!-- loginTest -->
        <test-method signature="getListOfCategories()[pri:2, instance:Examples.Chapter2Test@5a772895]" started-at="2021-01-18T19:00:57 CET" name="getListOfCategories" finished-at="2021-01-18T19:00:58 CET" duration-ms="442" status="PASS">
          <reporter-output>
          </reporter-output>
        </test-method> <!-- getListOfCategories -->
      </class> <!-- Examples.Chapter2Test -->
    </test> <!-- Surefire test -->
  </suite> <!-- Surefire suite -->
</testng-results>
