<?xml version="1.0" encoding="UTF-8"?>
<testng-results ignored="0" total="2" passed="2" failed="0" skipped="0">
  <reporter-output>
  </reporter-output>
  <suite started-at="2021-01-21T15:06:23 CET" name="Surefire suite" finished-at="2021-01-21T15:06:35 CET" duration-ms="11790">
    <groups>
    </groups>
    <test started-at="2021-01-21T15:06:23 CET" name="Surefire test" finished-at="2021-01-21T15:06:35 CET" duration-ms="11790">
      <class name="Examples.Chapter2Test">
        <test-method signature="loginTest()[pri:1, instance:Examples.Chapter2Test@60b85ba1]" started-at="2021-01-21T15:06:23 CET" name="loginTest" description="Login with good credentials" finished-at="2021-01-21T15:06:34 CET" duration-ms="10432" status="PASS">
          <reporter-output>
          </reporter-output>
        </test-method> <!-- loginTest -->
        <test-method signature="getListOfCategories()[pri:2, instance:Examples.Chapter2Test@60b85ba1]" started-at="2021-01-21T15:06:34 CET" name="getListOfCategories" description="testng check" finished-at="2021-01-21T15:06:35 CET" duration-ms="742" status="PASS">
          <reporter-output>
          </reporter-output>
        </test-method> <!-- getListOfCategories -->
      </class> <!-- Examples.Chapter2Test -->
    </test> <!-- Surefire test -->
  </suite> <!-- Surefire suite -->
</testng-results>
