<?xml version="1.0" encoding="UTF-8"?>
<testng-results ignored="0" total="2" passed="2" failed="0" skipped="0">
  <reporter-output>
  </reporter-output>
  <suite started-at="2021-01-18T17:42:15 CET" name="Command line suite" finished-at="2021-01-18T17:42:18 CET" duration-ms="3539">
    <groups>
    </groups>
    <test started-at="2021-01-18T17:42:15 CET" name="Command line test" finished-at="2021-01-18T17:42:18 CET" duration-ms="3539">
      <class name="Examples.Chapter2Test">
        <test-method signature="loginTest()[pri:1, instance:Examples.Chapter2Test@5579bb86]" started-at="2021-01-18T17:42:15 CET" name="loginTest" finished-at="2021-01-18T17:42:18 CET" duration-ms="3209" status="PASS">
          <reporter-output>
          </reporter-output>
        </test-method> <!-- loginTest -->
        <test-method signature="getListOfCategories()[pri:2, instance:Examples.Chapter2Test@5579bb86]" started-at="2021-01-18T17:42:18 CET" name="getListOfCategories" finished-at="2021-01-18T17:42:18 CET" duration-ms="279" status="PASS">
          <reporter-output>
          </reporter-output>
        </test-method> <!-- getListOfCategories -->
      </class> <!-- Examples.Chapter2Test -->
    </test> <!-- Command line test -->
  </suite> <!-- Command line suite -->
</testng-results>
