<?xml version="1.0" encoding="UTF-8"?>
<!-- Generated by org.testng.reporters.JUnitReportReporter -->
<testsuite hostname="LAPTOP-88SF4JDS" failures="0" tests="2" name="Examples.Chapter2Test" time="3.488" errors="0" timestamp="2021-01-18T17:42:18 CET" skipped="0">
  <testcase classname="Examples.Chapter2Test" name="loginTest" time="3.209"/>
  <system-out/>
  <testcase classname="Examples.Chapter2Test" name="getListOfCategories" time="0.279"/>
  <system-out/>
</testsuite> <!-- Examples.Chapter2Test -->
